[    25.957] (--) Log file renamed from "/home/athirah/.local/share/xorg/Xorg.pid-1405.log" to "/home/athirah/.local/share/xorg/Xorg.0.log"
[    25.963] 
X.Org X Server 1.20.11
X Protocol Version 11, Revision 0
[    25.963] Build Operating System: linux Ubuntu
[    25.964] Current Operating System: Linux ubuntu 5.11.0-38-generic #42~20.04.1-Ubuntu SMP Tue Sep 28 20:41:07 UTC 2021 x86_64
[    25.964] Kernel command line: BOOT_IMAGE=/boot/vmlinuz-5.11.0-38-generic root=UUID=28df7339-3839-40d6-b6d5-f36437a9c845 ro find_preseed=/preseed.cfg auto noprompt priority=critical locale=en_US quiet
[    25.965] Build Date: 06 July 2021  10:17:51AM
[    25.965] xorg-server 2:1.20.11-1ubuntu1~20.04.2 (For technical support please see http://www.ubuntu.com/support) 
[    25.965] Current version of pixman: 0.38.4
[    25.965] 	Before reporting problems, check http://wiki.x.org
	to make sure that you have the latest version.
[    25.965] Markers: (--) probed, (**) from config file, (==) default setting,
	(++) from command line, (!!) notice, (II) informational,
	(WW) warning, (EE) error, (NI) not implemented, (??) unknown.
[    25.966] (==) Log file: "/home/athirah/.local/share/xorg/Xorg.0.log", Time: Tue Oct 26 23:06:45 2021
[    25.970] (==) Using system config directory "/usr/share/X11/xorg.conf.d"
[    25.974] (==) No Layout section.  Using the first Screen section.
[    25.974] (==) No screen section available. Using defaults.
[    25.974] (**) |-->Screen "Default Screen Section" (0)
[    25.975] (**) |   |-->Monitor "<default monitor>"
[    25.977] (==) No monitor specified for screen "Default Screen Section".
	Using a default monitor configuration.
[    25.977] (==) Automatically adding devices
[    25.977] (==) Automatically enabling devices
[    25.977] (==) Automatically adding GPU devices
[    25.978] (==) Automatically binding GPU devices
[    25.978] (==) Max clients allowed: 256, resource mask: 0x1fffff
[    25.978] (WW) The directory "/usr/share/fonts/X11/cyrillic" does not exist.
[    25.978] 	Entry deleted from font path.
[    25.978] (WW) The directory "/usr/share/fonts/X11/100dpi/" does not exist.
[    25.978] 	Entry deleted from font path.
[    25.978] (WW) The directory "/usr/share/fonts/X11/75dpi/" does not exist.
[    25.979] 	Entry deleted from font path.
[    25.979] (WW) The directory "/usr/share/fonts/X11/100dpi" does not exist.
[    25.979] 	Entry deleted from font path.
[    25.979] (WW) The directory "/usr/share/fonts/X11/75dpi" does not exist.
[    25.979] 	Entry deleted from font path.
[    25.979] (==) FontPath set to:
	/usr/share/fonts/X11/misc,
	/usr/share/fonts/X11/Type1,
	built-ins
[    25.979] (==) ModulePath set to "/usr/lib/xorg/modules"
[    25.979] (II) The server relies on udev to provide the list of input devices.
	If no devices become available, reconfigure udev or disable AutoAddDevices.
[    25.980] (II) Loader magic: 0x55fcb4ec5020
[    25.980] (II) Module ABI versions:
[    25.980] 	X.Org ANSI C Emulation: 0.4
[    25.980] 	X.Org Video Driver: 24.1
[    25.980] 	X.Org XInput driver : 24.1
[    25.980] 	X.Org Server Extension : 10.0
[    25.982] (++) using VT number 2

[    25.984] (II) systemd-logind: took control of session /org/freedesktop/login1/session/_32
[    25.988] (II) xfree86: Adding drm device (/dev/dri/card0)
[    25.990] (II) systemd-logind: got fd for /dev/dri/card0 226:0 fd 12 paused 0
[    26.004] (--) PCI:*(0@0:15:0) 15ad:0405:15ad:0405 rev 0, Mem @ 0xe8000000/134217728, 0xfe000000/8388608, I/O @ 0x00001070/16, BIOS @ 0x????????/131072
[    26.009] (II) LoadModule: "glx"
[    26.011] (II) Loading /usr/lib/xorg/modules/extensions/libglx.so
[    26.021] (II) Module glx: vendor="X.Org Foundation"
[    26.021] 	compiled for 1.20.11, module version = 1.0.0
[    26.022] 	ABI class: X.Org Server Extension, version 10.0
[    26.022] (==) Matched vmware as autoconfigured driver 0
[    26.022] (==) Matched modesetting as autoconfigured driver 1
[    26.022] (==) Matched fbdev as autoconfigured driver 2
[    26.022] (==) Matched vesa as autoconfigured driver 3
[    26.022] (==) Assigned the driver to the xf86ConfigLayout
[    26.022] (II) LoadModule: "vmware"
[    26.025] (II) Loading /usr/lib/xorg/modules/drivers/vmware_drv.so
[    26.240] (II) Module vmware: vendor="X.Org Foundation"
[    26.240] 	compiled for 1.20.8, module version = 13.3.0
[    26.240] 	Module class: X.Org Video Driver
[    26.240] 	ABI class: X.Org Video Driver, version 24.1
[    26.240] (II) LoadModule: "modesetting"
[    26.240] (II) Loading /usr/lib/xorg/modules/drivers/modesetting_drv.so
[    26.244] (II) Module modesetting: vendor="X.Org Foundation"
[    26.244] 	compiled for 1.20.11, module version = 1.20.11
[    26.244] 	Module class: X.Org Video Driver
[    26.244] 	ABI class: X.Org Video Driver, version 24.1
[    26.244] (II) LoadModule: "fbdev"
[    26.244] (II) Loading /usr/lib/xorg/modules/drivers/fbdev_drv.so
[    26.246] (II) Module fbdev: vendor="X.Org Foundation"
[    26.246] 	compiled for 1.20.1, module version = 0.5.0
[    26.246] 	Module class: X.Org Video Driver
[    26.246] 	ABI class: X.Org Video Driver, version 24.0
[    26.246] (II) LoadModule: "vesa"
[    26.246] (II) Loading /usr/lib/xorg/modules/drivers/vesa_drv.so
[    26.248] (II) Module vesa: vendor="X.Org Foundation"
[    26.248] 	compiled for 1.20.4, module version = 2.4.0
[    26.248] 	Module class: X.Org Video Driver
[    26.248] 	ABI class: X.Org Video Driver, version 24.0
[    26.248] (II) vmware: driver for VMware SVGA: vmware0405, vmware0710
[    26.248] (II) modesetting: Driver for Modesetting Kernel Drivers: kms
[    26.248] (II) FBDEV: driver for framebuffer: fbdev
[    26.248] (II) VESA: driver for VESA chipsets: vesa
[    26.248] xf86EnableIOPorts: failed to set IOPL for I/O (Operation not permitted)
[    26.248] (WW) Falling back to old probe method for modesetting
[    26.248] (WW) Falling back to old probe method for fbdev
[    26.248] (II) Loading sub module "fbdevhw"
[    26.248] (II) LoadModule: "fbdevhw"
[    26.248] (II) Loading /usr/lib/xorg/modules/libfbdevhw.so
[    26.249] (II) Module fbdevhw: vendor="X.Org Foundation"
[    26.249] 	compiled for 1.20.11, module version = 0.0.2
[    26.249] 	ABI class: X.Org Video Driver, version 24.1
[    26.249] (EE) open /dev/fb0: Permission denied
[    26.249] (WW) VGA arbiter: cannot open kernel arbiter, no multi-card support
[    26.249] (II) vmware(0): Creating default Display subsection in Screen section
	"Default Screen Section" for depth/fbbpp 24/32
[    26.249] (--) vmware(0): DRM driver version is 2.18.0
[    26.249] (==) vmware(0): Depth 24, (--) framebuffer bpp 32
[    26.249] (==) vmware(0): RGB weight 888
[    26.249] (==) vmware(0): Default visual is TrueColor
[    26.249] (--) vmware(0): Min width 1, Max Width 16384.
[    26.249] (--) vmware(0): Min height 1, Max Height 16384.
[    26.254] (II) vmware(0): Output Virtual1 has no monitor section
[    26.254] (II) vmware(0): Output Virtual2 has no monitor section
[    26.254] (II) vmware(0): Output Virtual3 has no monitor section
[    26.254] (II) vmware(0): Output Virtual4 has no monitor section
[    26.254] (II) vmware(0): Output Virtual5 has no monitor section
[    26.254] (II) vmware(0): Output Virtual6 has no monitor section
[    26.254] (II) vmware(0): Output Virtual7 has no monitor section
[    26.254] (II) vmware(0): Output Virtual8 has no monitor section
[    26.254] (II) vmware(0): Printing probed modes for output Virtual1
[    26.254] (II) vmware(0): Modeline "800x600"x60.0   42.75  800 850 900 950  600 650 700 750 -hsync +vsync (45.0 kHz eP)
[    26.254] (II) vmware(0): Modeline "2560x1600"x60.0  348.50  2560 2752 3032 3504  1600 1603 1609 1658 -hsync +vsync (99.5 kHz e)
[    26.254] (II) vmware(0): Modeline "1920x1440"x60.0  234.00  1920 2048 2256 2600  1440 1441 1444 1500 -hsync +vsync (90.0 kHz e)
[    26.254] (II) vmware(0): Modeline "1856x1392"x60.0  218.25  1856 1952 2176 2528  1392 1393 1396 1439 -hsync +vsync (86.3 kHz e)
[    26.254] (II) vmware(0): Modeline "1792x1344"x60.0  204.75  1792 1920 2120 2448  1344 1345 1348 1394 -hsync +vsync (83.6 kHz e)
[    26.254] (II) vmware(0): Modeline "1920x1200"x59.9  193.25  1920 2056 2256 2592  1200 1203 1209 1245 -hsync +vsync (74.6 kHz e)
[    26.254] (II) vmware(0): Modeline "1600x1200"x60.0  162.00  1600 1664 1856 2160  1200 1201 1204 1250 +hsync +vsync (75.0 kHz e)
[    26.254] (II) vmware(0): Modeline "1680x1050"x60.0  146.25  1680 1784 1960 2240  1050 1053 1059 1089 -hsync +vsync (65.3 kHz e)
[    26.254] (II) vmware(0): Modeline "1400x1050"x60.0  121.75  1400 1488 1632 1864  1050 1053 1057 1089 -hsync +vsync (65.3 kHz e)
[    26.254] (II) vmware(0): Modeline "1280x1024"x60.0  108.00  1280 1328 1440 1688  1024 1025 1028 1066 +hsync +vsync (64.0 kHz e)
[    26.254] (II) vmware(0): Modeline "1440x900"x59.9  106.50  1440 1520 1672 1904  900 903 909 934 -hsync +vsync (55.9 kHz e)
[    26.254] (II) vmware(0): Modeline "1280x960"x60.0  108.00  1280 1376 1488 1800  960 961 964 1000 +hsync +vsync (60.0 kHz e)
[    26.254] (II) vmware(0): Modeline "1360x768"x60.0   85.50  1360 1424 1536 1792  768 771 777 795 +hsync +vsync (47.7 kHz e)
[    26.254] (II) vmware(0): Modeline "1280x800"x59.8   83.50  1280 1352 1480 1680  800 803 809 831 +hsync -vsync (49.7 kHz e)
[    26.254] (II) vmware(0): Modeline "1152x864"x75.0  108.00  1152 1216 1344 1600  864 865 868 900 +hsync +vsync (67.5 kHz e)
[    26.254] (II) vmware(0): Modeline "1280x768"x59.9   79.50  1280 1344 1472 1664  768 771 778 798 -hsync +vsync (47.8 kHz e)
[    26.254] (II) vmware(0): Modeline "1024x768"x60.0   65.00  1024 1048 1184 1344  768 771 777 806 -hsync -vsync (48.4 kHz e)
[    26.254] (II) vmware(0): Modeline "800x600"x60.3   40.00  800 840 968 1056  600 601 605 628 +hsync +vsync (37.9 kHz e)
[    26.254] (II) vmware(0): Modeline "640x480"x59.9   25.18  640 656 752 800  480 489 492 525 -hsync -vsync (31.5 kHz e)
[    26.254] (II) vmware(0): EDID for output Virtual2
[    26.254] (II) vmware(0): EDID for output Virtual3
[    26.254] (II) vmware(0): EDID for output Virtual4
[    26.255] (II) vmware(0): EDID for output Virtual5
[    26.255] (II) vmware(0): EDID for output Virtual6
[    26.255] (II) vmware(0): EDID for output Virtual7
[    26.255] (II) vmware(0): EDID for output Virtual8
[    26.255] (II) vmware(0): Output Virtual1 connected
[    26.255] (II) vmware(0): Output Virtual2 disconnected
[    26.255] (II) vmware(0): Output Virtual3 disconnected
[    26.255] (II) vmware(0): Output Virtual4 disconnected
[    26.255] (II) vmware(0): Output Virtual5 disconnected
[    26.255] (II) vmware(0): Output Virtual6 disconnected
[    26.255] (II) vmware(0): Output Virtual7 disconnected
[    26.255] (II) vmware(0): Output Virtual8 disconnected
[    26.255] (II) vmware(0): Using exact sizes for initial modes
[    26.255] (II) vmware(0): Output Virtual1 using initial mode 800x600 +0+0
[    26.255] (==) vmware(0): DPI set to (96, 96)
[    26.255] (==) vmware(0): Using gamma correction (1.0, 1.0, 1.0)
[    26.255] (II) Loading sub module "fb"
[    26.255] (II) LoadModule: "fb"
[    26.255] (II) Loading /usr/lib/xorg/modules/libfb.so
[    26.260] (II) Module fb: vendor="X.Org Foundation"
[    26.260] 	compiled for 1.20.11, module version = 1.0.0
[    26.260] 	ABI class: X.Org ANSI C Emulation, version 0.4
[    26.260] (II) Loading sub module "dri2"
[    26.260] (II) LoadModule: "dri2"
[    26.260] (II) Module "dri2" already built-in
[    26.260] (II) Loading sub module "dri3"
[    26.260] (II) LoadModule: "dri3"
[    26.260] (II) Module "dri3" already built-in
[    26.260] (II) UnloadModule: "modesetting"
[    26.260] (II) Unloading modesetting
[    26.260] (II) UnloadModule: "fbdev"
[    26.260] (II) Unloading fbdev
[    26.260] (II) UnloadSubModule: "fbdevhw"
[    26.260] (II) Unloading fbdevhw
[    26.260] (II) UnloadModule: "vesa"
[    26.260] (II) Unloading vesa
[    26.265] (II) vmware(0): Initialized VMWARE_CTRL extension version 0.2
[    26.377] (II) vmware(0): Gallium3D XA version: 2.5.0.
[    26.377] (II) vmware(0): Path of drm device is "/dev/dri/card0".
[    26.382] (II) vmware(0): [DRI2] Setup complete
[    26.382] (II) vmware(0): [DRI2]   DRI driver: vmwgfx
[    26.590] (--) vmware(0): Render acceleration is enabled.
[    26.590] (==) vmware(0): Rendercheck mode is disabled.
[    26.590] (--) vmware(0): Direct rendering (DRI2 3D) is enabled.
[    26.590] (--) vmware(0): Direct rendering (DRI3 3D) is enabled.
[    26.591] (==) vmware(0): Direct presents are disabled.
[    26.591] (==) vmware(0): Hardware only presents are automatic per scanout.
[    26.591] (==) vmware(0): Backing store enabled
[    26.591] (==) vmware(0): Silken mouse enabled
[    26.598] (==) vmware(0): DPMS enabled
[    26.598] (II) Initializing extension Generic Event Extension
[    26.598] (II) Initializing extension SHAPE
[    26.598] (II) Initializing extension MIT-SHM
[    26.599] (II) Initializing extension XInputExtension
[    26.601] (II) Initializing extension XTEST
[    26.602] (II) Initializing extension BIG-REQUESTS
[    26.602] (II) Initializing extension SYNC
[    26.602] (II) Initializing extension XKEYBOARD
[    26.602] (II) Initializing extension XC-MISC
[    26.602] (II) Initializing extension SECURITY
[    26.603] (II) Initializing extension XFIXES
[    26.603] (II) Initializing extension RENDER
[    26.603] (II) Initializing extension RANDR
[    26.603] (II) Initializing extension COMPOSITE
[    26.603] (II) Initializing extension DAMAGE
[    26.603] (II) Initializing extension MIT-SCREEN-SAVER
[    26.603] (II) Initializing extension DOUBLE-BUFFER
[    26.603] (II) Initializing extension RECORD
[    26.603] (II) Initializing extension DPMS
[    26.603] (II) Initializing extension Present
[    26.603] (II) Initializing extension DRI3
[    26.604] (II) Initializing extension X-Resource
[    26.604] (II) Initializing extension XVideo
[    26.604] (II) Initializing extension XVideo-MotionCompensation
[    26.604] (II) Initializing extension SELinux
[    26.604] (II) SELinux: Disabled on system
[    26.604] (II) Initializing extension GLX
[    26.627] (II) AIGLX: Loaded and initialized vmwgfx
[    26.627] (II) GLX: Initialized DRI2 GL provider for screen 0
[    26.627] (II) Initializing extension XFree86-VidModeExtension
[    26.627] (II) Initializing extension XFree86-DGA
[    26.627] (II) Initializing extension XFree86-DRI
[    26.627] (II) Initializing extension DRI2
[    26.639] (II) vmware(0): Setting screen physical size to 211 x 158
[    26.715] (II) config/udev: Adding input device Power Button (/dev/input/event0)
[    26.715] (**) Power Button: Applying InputClass "libinput keyboard catchall"
[    26.715] (II) LoadModule: "libinput"
[    26.716] (II) Loading /usr/lib/xorg/modules/input/libinput_drv.so
[    26.725] (II) Module libinput: vendor="X.Org Foundation"
[    26.725] 	compiled for 1.20.4, module version = 0.29.0
[    26.725] 	Module class: X.Org XInput Driver
[    26.725] 	ABI class: X.Org XInput driver, version 24.1
[    26.725] (II) Using input driver 'libinput' for 'Power Button'
[    26.729] (II) systemd-logind: got fd for /dev/input/event0 13:64 fd 24 paused 0
[    26.729] (**) Power Button: always reports core events
[    26.732] (**) Option "Device" "/dev/input/event0"
[    26.732] (**) Option "_source" "server/udev"
[    26.739] (II) event0  - Power Button: is tagged by udev as: Keyboard
[    26.739] (II) event0  - Power Button: device is a keyboard
[    26.739] (II) event0  - Power Button: device removed
[    26.739] (**) Option "config_info" "udev:/sys/devices/LNXSYSTM:00/LNXPWRBN:00/input/input0/event0"
[    26.739] (II) XINPUT: Adding extended input device "Power Button" (type: KEYBOARD, id 6)
[    26.739] (**) Option "xkb_model" "SKIP"
[    26.739] (**) Option "xkb_layout" "us"
[    26.777] (II) event0  - Power Button: is tagged by udev as: Keyboard
[    26.777] (II) event0  - Power Button: device is a keyboard
[    26.779] (II) config/udev: Adding input device VMware VMware Virtual USB Mouse (/dev/input/event4)
[    26.779] (**) VMware VMware Virtual USB Mouse: Applying InputClass "libinput pointer catchall"
[    26.779] (II) Using input driver 'libinput' for 'VMware VMware Virtual USB Mouse'
[    26.838] (II) systemd-logind: got fd for /dev/input/event4 13:68 fd 27 paused 0
[    26.838] (**) VMware VMware Virtual USB Mouse: always reports core events
[    26.838] (**) Option "Device" "/dev/input/event4"
[    26.838] (**) Option "_source" "server/udev"
[    26.840] (II) event4  - VMware VMware Virtual USB Mouse: is tagged by udev as: Mouse
[    26.840] (II) event4  - VMware VMware Virtual USB Mouse: device is a pointer
[    26.841] (II) event4  - VMware VMware Virtual USB Mouse: device removed
[    26.841] (**) Option "config_info" "udev:/sys/devices/pci0000:00/0000:00:11.0/0000:02:00.0/usb2/2-1/2-1:1.0/0003:0E0F:0003.0001/input/input5/event4"
[    26.841] (II) XINPUT: Adding extended input device "VMware VMware Virtual USB Mouse" (type: MOUSE, id 7)
[    26.841] (**) Option "AccelerationScheme" "none"
[    26.841] (**) VMware VMware Virtual USB Mouse: (accel) selected scheme none/0
[    26.841] (**) VMware VMware Virtual USB Mouse: (accel) acceleration factor: 2.000
[    26.841] (**) VMware VMware Virtual USB Mouse: (accel) acceleration threshold: 4
[    26.842] (II) event4  - VMware VMware Virtual USB Mouse: is tagged by udev as: Mouse
[    26.842] (II) event4  - VMware VMware Virtual USB Mouse: device is a pointer
[    26.843] (II) config/udev: Adding input device VMware VMware Virtual USB Mouse (/dev/input/mouse2)
[    26.843] (II) No input driver specified, ignoring this device.
[    26.843] (II) This device may have been added with another device file.
[    26.843] (II) config/udev: Adding input device AT Translated Set 2 keyboard (/dev/input/event1)
[    26.843] (**) AT Translated Set 2 keyboard: Applying InputClass "libinput keyboard catchall"
[    26.843] (II) Using input driver 'libinput' for 'AT Translated Set 2 keyboard'
[    26.845] (II) systemd-logind: got fd for /dev/input/event1 13:65 fd 28 paused 0
[    26.845] (**) AT Translated Set 2 keyboard: always reports core events
[    26.845] (**) Option "Device" "/dev/input/event1"
[    26.845] (**) Option "_source" "server/udev"
[    26.846] (II) event1  - AT Translated Set 2 keyboard: is tagged by udev as: Keyboard
[    26.846] (II) event1  - AT Translated Set 2 keyboard: device is a keyboard
[    26.846] (II) event1  - AT Translated Set 2 keyboard: device removed
[    26.846] (**) Option "config_info" "udev:/sys/devices/platform/i8042/serio0/input/input1/event1"
[    26.846] (II) XINPUT: Adding extended input device "AT Translated Set 2 keyboard" (type: KEYBOARD, id 8)
[    26.846] (**) Option "xkb_model" "SKIP"
[    26.846] (**) Option "xkb_layout" "us"
[    26.850] (II) event1  - AT Translated Set 2 keyboard: is tagged by udev as: Keyboard
[    26.850] (II) event1  - AT Translated Set 2 keyboard: device is a keyboard
[    26.857] (II) config/udev: Adding input device VirtualPS/2 VMware VMMouse (/dev/input/event3)
[    26.857] (**) VirtualPS/2 VMware VMMouse: Applying InputClass "libinput pointer catchall"
[    26.857] (II) Using input driver 'libinput' for 'VirtualPS/2 VMware VMMouse'
[    26.859] (II) systemd-logind: got fd for /dev/input/event3 13:67 fd 29 paused 0
[    26.859] (**) VirtualPS/2 VMware VMMouse: always reports core events
[    26.859] (**) Option "Device" "/dev/input/event3"
[    26.859] (**) Option "_source" "server/udev"
[    26.860] (II) event3  - VirtualPS/2 VMware VMMouse: is tagged by udev as: Mouse
[    26.863] (II) event3  - VirtualPS/2 VMware VMMouse: device is a pointer
[    26.863] (II) event3  - VirtualPS/2 VMware VMMouse: device removed
[    26.863] (**) Option "config_info" "udev:/sys/devices/platform/i8042/serio1/input/input3/event3"
[    26.863] (II) XINPUT: Adding extended input device "VirtualPS/2 VMware VMMouse" (type: MOUSE, id 9)
[    26.863] (**) Option "AccelerationScheme" "none"
[    26.863] (**) VirtualPS/2 VMware VMMouse: (accel) selected scheme none/0
[    26.863] (**) VirtualPS/2 VMware VMMouse: (accel) acceleration factor: 2.000
[    26.863] (**) VirtualPS/2 VMware VMMouse: (accel) acceleration threshold: 4
[    26.865] (II) event3  - VirtualPS/2 VMware VMMouse: is tagged by udev as: Mouse
[    26.865] (II) event3  - VirtualPS/2 VMware VMMouse: device is a pointer
[    26.865] (II) config/udev: Adding input device VirtualPS/2 VMware VMMouse (/dev/input/mouse1)
[    26.866] (II) No input driver specified, ignoring this device.
[    26.866] (II) This device may have been added with another device file.
[    26.866] (II) config/udev: Adding input device VirtualPS/2 VMware VMMouse (/dev/input/event2)
[    26.866] (**) VirtualPS/2 VMware VMMouse: Applying InputClass "libinput pointer catchall"
[    26.866] (II) Using input driver 'libinput' for 'VirtualPS/2 VMware VMMouse'
[    26.867] (II) systemd-logind: got fd for /dev/input/event2 13:66 fd 30 paused 0
[    26.867] (**) VirtualPS/2 VMware VMMouse: always reports core events
[    26.867] (**) Option "Device" "/dev/input/event2"
[    26.867] (**) Option "_source" "server/udev"
[    26.868] (II) event2  - VirtualPS/2 VMware VMMouse: is tagged by udev as: Mouse
[    26.868] (II) event2  - VirtualPS/2 VMware VMMouse: device is a pointer
[    26.868] (II) event2  - VirtualPS/2 VMware VMMouse: device removed
[    26.868] (**) Option "config_info" "udev:/sys/devices/platform/i8042/serio1/input/input4/event2"
[    26.868] (II) XINPUT: Adding extended input device "VirtualPS/2 VMware VMMouse" (type: MOUSE, id 10)
[    26.869] (**) Option "AccelerationScheme" "none"
[    26.869] (**) VirtualPS/2 VMware VMMouse: (accel) selected scheme none/0
[    26.869] (**) VirtualPS/2 VMware VMMouse: (accel) acceleration factor: 2.000
[    26.869] (**) VirtualPS/2 VMware VMMouse: (accel) acceleration threshold: 4
[    26.870] (II) event2  - VirtualPS/2 VMware VMMouse: is tagged by udev as: Mouse
[    26.870] (II) event2  - VirtualPS/2 VMware VMMouse: device is a pointer
[    26.870] (II) config/udev: Adding input device VirtualPS/2 VMware VMMouse (/dev/input/mouse0)
[    26.870] (II) No input driver specified, ignoring this device.
[    26.870] (II) This device may have been added with another device file.
[   264.909] (!!) vmware(0): New layout.
[   264.911] (!!) vmware(0): 0: 0 0 752 600
[   264.911] (!!) vmware(0): 
[   264.927] (!!) vmware(0): New layout.
[   264.927] (!!) vmware(0): 0: 0 0 752 617
[   264.927] (!!) vmware(0): 
[   266.694] (!!) vmware(0): New layout.
[   266.694] (!!) vmware(0): 0: 0 0 752 663
[   266.694] (!!) vmware(0): 
[   266.772] (!!) vmware(0): New layout.
[   266.772] (!!) vmware(0): 0: 0 0 752 656
[   266.772] (!!) vmware(0): 
[   266.806] (!!) vmware(0): New layout.
[   266.807] (!!) vmware(0): 0: 0 0 769 656
[   266.807] (!!) vmware(0): 
[  1090.615] (!!) vmware(0): New layout.
[  1090.615] (!!) vmware(0): 0: 0 0 769 663
[  1090.615] (!!) vmware(0): 
[  1095.553] (!!) vmware(0): New layout.
[  1095.553] (!!) vmware(0): 0: 0 0 1366 672
[  1095.553] (!!) vmware(0): 
[  1264.333] (!!) vmware(0): New layout.
[  1264.335] (!!) vmware(0): 0: 0 0 769 656
[  1264.335] (!!) vmware(0): 
